<?xml version="1.0" encoding="UTF-8"?>
<!-- Generated by org.testng.reporters.JUnitReportReporter -->
<testsuite hostname="Raga-PC" failures="0" tests="1" name="com.selenium.NewTest" time="12.384" errors="0" timestamp="16 Mar 2022 01:49:34 GMT" skipped="0">
  <testcase classname="com.selenium.NewTest" name="navigateToAUrl" time="12.384"/>
</testsuite> <!-- com.selenium.NewTest -->
